
*** Running vivado
    with args -log main.vds -m64 -product Vivado -mode batch -messageDb vivado.pb -notrace -source main.tcl


ECHO is off.
ECHO is off.

****** Vivado v2023.1 (64-bit)
  **** SW Build 3865809 on Sun May  7 15:05:29 MDT 2023
  **** IP Build 3864474 on Sun May  7 20:36:21 MDT 2023
  **** SharedData Build 3865790 on Sun May 07 13:33:03 MDT 2023
    ** Copyright 1986-2022 Xilinx, Inc. All Rights Reserved.
    ** Copyright 2022-2023 Advanced Micro Devices, Inc. All Rights Reserved.

source main.tcl -notrace
create_project: Time (s): cpu = 00:00:07 ; elapsed = 00:00:08 . Memory (MB): peak = 448.707 ; gain = 163.402
Command: read_checkpoint -auto_incremental -incremental {C:/Users/cojoc/OneDrive/Desktop/SSC - Structura sistemelor de calcul/ALU_project/ALU_project.srcs/utils_1/imports/synth_1/MPG.dcp}
INFO: [Vivado 12-5825] Read reference checkpoint from C:/Users/cojoc/OneDrive/Desktop/SSC - Structura sistemelor de calcul/ALU_project/ALU_project.srcs/utils_1/imports/synth_1/MPG.dcp for incremental synthesis
INFO: [Vivado 12-7989] Please ensure there are no constraint changes
Command: synth_design -top main -part xc7a35tcpg236-1
Starting synth_design
Attempting to get a license for feature 'Synthesis' and/or device 'xc7a35t'
INFO: [Common 17-349] Got license for feature 'Synthesis' and/or device 'xc7a35t'
INFO: [Device 21-403] Loading part xc7a35tcpg236-1
INFO: [Designutils 20-5440] No compile time benefit to using incremental synthesis; A full resynthesis will be run
INFO: [Designutils 20-4379] Flow is switching to default flow due to incremental criteria not met. If you would like to alter this behaviour and have the flow terminate instead, please set the following parameter config_implementation {autoIncr.Synth.RejectBehavior Terminate}
INFO: [Synth 8-7079] Multithreading enabled for synth_design using a maximum of 2 processes.
INFO: [Synth 8-7078] Launching helper process for spawning children vivado processes
INFO: [Synth 8-7075] Helper process launched with PID 12448
---------------------------------------------------------------------------------
Starting RTL Elaboration : Time (s): cpu = 00:00:06 ; elapsed = 00:00:08 . Memory (MB): peak = 1265.828 ; gain = 412.168
---------------------------------------------------------------------------------
INFO: [Synth 8-638] synthesizing module 'main' [C:/Users/cojoc/OneDrive/Desktop/SSC - Structura sistemelor de calcul/ALU_project/ALU_project.srcs/sources_1/new/tb.vhd:49]
INFO: [Synth 8-3491] module 'MPG' declared at 'C:/Users/cojoc/OneDrive/Desktop/SSC - Structura sistemelor de calcul/ALU_project/ALU_project.srcs/sources_1/new/MPG.vhd:35' bound to instance 'monopulse' of component 'MPG' [C:/Users/cojoc/OneDrive/Desktop/SSC - Structura sistemelor de calcul/ALU_project/ALU_project.srcs/sources_1/new/tb.vhd:85]
INFO: [Synth 8-638] synthesizing module 'MPG' [C:/Users/cojoc/OneDrive/Desktop/SSC - Structura sistemelor de calcul/ALU_project/ALU_project.srcs/sources_1/new/MPG.vhd:41]
INFO: [Synth 8-256] done synthesizing module 'MPG' (0#1) [C:/Users/cojoc/OneDrive/Desktop/SSC - Structura sistemelor de calcul/ALU_project/ALU_project.srcs/sources_1/new/MPG.vhd:41]
INFO: [Synth 8-3491] module 'ALU' declared at 'C:/Users/cojoc/OneDrive/Desktop/SSC - Structura sistemelor de calcul/ALU_project/ALU_project.srcs/sources_1/new/ALU.vhd:35' bound to instance 'ual' of component 'ALU' [C:/Users/cojoc/OneDrive/Desktop/SSC - Structura sistemelor de calcul/ALU_project/ALU_project.srcs/sources_1/new/tb.vhd:86]
INFO: [Synth 8-638] synthesizing module 'ALU' [C:/Users/cojoc/OneDrive/Desktop/SSC - Structura sistemelor de calcul/ALU_project/ALU_project.srcs/sources_1/new/ALU.vhd:44]
INFO: [Synth 8-3491] module 'full_adder_8bits' declared at 'C:/Users/cojoc/OneDrive/Desktop/SSC - Structura sistemelor de calcul/ALU_project/ALU_project.srcs/sources_1/new/full_adder_8bits.vhd:34' bound to instance 'add' of component 'full_adder_8bits' [C:/Users/cojoc/OneDrive/Desktop/SSC - Structura sistemelor de calcul/ALU_project/ALU_project.srcs/sources_1/new/ALU.vhd:94]
INFO: [Synth 8-638] synthesizing module 'full_adder_8bits' [C:/Users/cojoc/OneDrive/Desktop/SSC - Structura sistemelor de calcul/ALU_project/ALU_project.srcs/sources_1/new/full_adder_8bits.vhd:41]
INFO: [Synth 8-3491] module 'full_adder' declared at 'C:/Users/cojoc/OneDrive/Desktop/SSC - Structura sistemelor de calcul/ALU_project/ALU_project.srcs/sources_1/new/full_adder.vhd:34' bound to instance 'a0' of component 'full_adder' [C:/Users/cojoc/OneDrive/Desktop/SSC - Structura sistemelor de calcul/ALU_project/ALU_project.srcs/sources_1/new/full_adder_8bits.vhd:56]
INFO: [Synth 8-638] synthesizing module 'full_adder' [C:/Users/cojoc/OneDrive/Desktop/SSC - Structura sistemelor de calcul/ALU_project/ALU_project.srcs/sources_1/new/full_adder.vhd:45]
INFO: [Synth 8-256] done synthesizing module 'full_adder' (0#1) [C:/Users/cojoc/OneDrive/Desktop/SSC - Structura sistemelor de calcul/ALU_project/ALU_project.srcs/sources_1/new/full_adder.vhd:45]
INFO: [Synth 8-3491] module 'full_adder' declared at 'C:/Users/cojoc/OneDrive/Desktop/SSC - Structura sistemelor de calcul/ALU_project/ALU_project.srcs/sources_1/new/full_adder.vhd:34' bound to instance 'a1' of component 'full_adder' [C:/Users/cojoc/OneDrive/Desktop/SSC - Structura sistemelor de calcul/ALU_project/ALU_project.srcs/sources_1/new/full_adder_8bits.vhd:57]
INFO: [Synth 8-3491] module 'full_adder' declared at 'C:/Users/cojoc/OneDrive/Desktop/SSC - Structura sistemelor de calcul/ALU_project/ALU_project.srcs/sources_1/new/full_adder.vhd:34' bound to instance 'a2' of component 'full_adder' [C:/Users/cojoc/OneDrive/Desktop/SSC - Structura sistemelor de calcul/ALU_project/ALU_project.srcs/sources_1/new/full_adder_8bits.vhd:58]
INFO: [Synth 8-3491] module 'full_adder' declared at 'C:/Users/cojoc/OneDrive/Desktop/SSC - Structura sistemelor de calcul/ALU_project/ALU_project.srcs/sources_1/new/full_adder.vhd:34' bound to instance 'a3' of component 'full_adder' [C:/Users/cojoc/OneDrive/Desktop/SSC - Structura sistemelor de calcul/ALU_project/ALU_project.srcs/sources_1/new/full_adder_8bits.vhd:59]
INFO: [Synth 8-3491] module 'full_adder' declared at 'C:/Users/cojoc/OneDrive/Desktop/SSC - Structura sistemelor de calcul/ALU_project/ALU_project.srcs/sources_1/new/full_adder.vhd:34' bound to instance 'a4' of component 'full_adder' [C:/Users/cojoc/OneDrive/Desktop/SSC - Structura sistemelor de calcul/ALU_project/ALU_project.srcs/sources_1/new/full_adder_8bits.vhd:60]
INFO: [Synth 8-3491] module 'full_adder' declared at 'C:/Users/cojoc/OneDrive/Desktop/SSC - Structura sistemelor de calcul/ALU_project/ALU_project.srcs/sources_1/new/full_adder.vhd:34' bound to instance 'a5' of component 'full_adder' [C:/Users/cojoc/OneDrive/Desktop/SSC - Structura sistemelor de calcul/ALU_project/ALU_project.srcs/sources_1/new/full_adder_8bits.vhd:61]
INFO: [Synth 8-3491] module 'full_adder' declared at 'C:/Users/cojoc/OneDrive/Desktop/SSC - Structura sistemelor de calcul/ALU_project/ALU_project.srcs/sources_1/new/full_adder.vhd:34' bound to instance 'a6' of component 'full_adder' [C:/Users/cojoc/OneDrive/Desktop/SSC - Structura sistemelor de calcul/ALU_project/ALU_project.srcs/sources_1/new/full_adder_8bits.vhd:62]
INFO: [Synth 8-3491] module 'full_adder' declared at 'C:/Users/cojoc/OneDrive/Desktop/SSC - Structura sistemelor de calcul/ALU_project/ALU_project.srcs/sources_1/new/full_adder.vhd:34' bound to instance 'a7' of component 'full_adder' [C:/Users/cojoc/OneDrive/Desktop/SSC - Structura sistemelor de calcul/ALU_project/ALU_project.srcs/sources_1/new/full_adder_8bits.vhd:63]
INFO: [Synth 8-256] done synthesizing module 'full_adder_8bits' (0#1) [C:/Users/cojoc/OneDrive/Desktop/SSC - Structura sistemelor de calcul/ALU_project/ALU_project.srcs/sources_1/new/full_adder_8bits.vhd:41]
INFO: [Synth 8-3491] module 'complement' declared at 'C:/Users/cojoc/OneDrive/Desktop/SSC - Structura sistemelor de calcul/ALU_project/ALU_project.srcs/sources_1/new/complement.vhd:34' bound to instance 'c2' of component 'complement' [C:/Users/cojoc/OneDrive/Desktop/SSC - Structura sistemelor de calcul/ALU_project/ALU_project.srcs/sources_1/new/ALU.vhd:95]
INFO: [Synth 8-638] synthesizing module 'complement' [C:/Users/cojoc/OneDrive/Desktop/SSC - Structura sistemelor de calcul/ALU_project/ALU_project.srcs/sources_1/new/complement.vhd:41]
INFO: [Synth 8-3491] module 'addition' declared at 'C:/Users/cojoc/OneDrive/Desktop/SSC - Structura sistemelor de calcul/ALU_project/ALU_project.srcs/sources_1/new/addition.vhd:35' bound to instance 'add2' of component 'addition' [C:/Users/cojoc/OneDrive/Desktop/SSC - Structura sistemelor de calcul/ALU_project/ALU_project.srcs/sources_1/new/complement.vhd:59]
INFO: [Synth 8-638] synthesizing module 'addition' [C:/Users/cojoc/OneDrive/Desktop/SSC - Structura sistemelor de calcul/ALU_project/ALU_project.srcs/sources_1/new/addition.vhd:47]
INFO: [Synth 8-256] done synthesizing module 'addition' (0#1) [C:/Users/cojoc/OneDrive/Desktop/SSC - Structura sistemelor de calcul/ALU_project/ALU_project.srcs/sources_1/new/addition.vhd:47]
INFO: [Synth 8-256] done synthesizing module 'complement' (0#1) [C:/Users/cojoc/OneDrive/Desktop/SSC - Structura sistemelor de calcul/ALU_project/ALU_project.srcs/sources_1/new/complement.vhd:41]
INFO: [Synth 8-3491] module 'full_adder_8bits' declared at 'C:/Users/cojoc/OneDrive/Desktop/SSC - Structura sistemelor de calcul/ALU_project/ALU_project.srcs/sources_1/new/full_adder_8bits.vhd:34' bound to instance 'sub' of component 'full_adder_8bits' [C:/Users/cojoc/OneDrive/Desktop/SSC - Structura sistemelor de calcul/ALU_project/ALU_project.srcs/sources_1/new/ALU.vhd:96]
INFO: [Synth 8-3491] module 'wallace' declared at 'C:/Users/cojoc/OneDrive/Desktop/SSC - Structura sistemelor de calcul/ALU_project/ALU_project.srcs/sources_1/new/wallace.vhd:34' bound to instance 'mul' of component 'wallace' [C:/Users/cojoc/OneDrive/Desktop/SSC - Structura sistemelor de calcul/ALU_project/ALU_project.srcs/sources_1/new/ALU.vhd:97]
INFO: [Synth 8-638] synthesizing module 'wallace' [C:/Users/cojoc/OneDrive/Desktop/SSC - Structura sistemelor de calcul/ALU_project/ALU_project.srcs/sources_1/new/wallace.vhd:40]
INFO: [Synth 8-3491] module 'half_adder' declared at 'C:/Users/cojoc/OneDrive/Desktop/SSC - Structura sistemelor de calcul/ALU_project/ALU_project.srcs/sources_1/new/half_adder.vhd:34' bound to instance 'ha00' of component 'half_adder' [C:/Users/cojoc/OneDrive/Desktop/SSC - Structura sistemelor de calcul/ALU_project/ALU_project.srcs/sources_1/new/wallace.vhd:139]
INFO: [Synth 8-638] synthesizing module 'half_adder' [C:/Users/cojoc/OneDrive/Desktop/SSC - Structura sistemelor de calcul/ALU_project/ALU_project.srcs/sources_1/new/half_adder.vhd:41]
INFO: [Synth 8-256] done synthesizing module 'half_adder' (0#1) [C:/Users/cojoc/OneDrive/Desktop/SSC - Structura sistemelor de calcul/ALU_project/ALU_project.srcs/sources_1/new/half_adder.vhd:41]
INFO: [Synth 8-3491] module 'full_adder' declared at 'C:/Users/cojoc/OneDrive/Desktop/SSC - Structura sistemelor de calcul/ALU_project/ALU_project.srcs/sources_1/new/full_adder.vhd:34' bound to instance 'fa00' of component 'full_adder' [C:/Users/cojoc/OneDrive/Desktop/SSC - Structura sistemelor de calcul/ALU_project/ALU_project.srcs/sources_1/new/wallace.vhd:140]
INFO: [Synth 8-3491] module 'full_adder' declared at 'C:/Users/cojoc/OneDrive/Desktop/SSC - Structura sistemelor de calcul/ALU_project/ALU_project.srcs/sources_1/new/full_adder.vhd:34' bound to instance 'fa01' of component 'full_adder' [C:/Users/cojoc/OneDrive/Desktop/SSC - Structura sistemelor de calcul/ALU_project/ALU_project.srcs/sources_1/new/wallace.vhd:141]
INFO: [Synth 8-3491] module 'full_adder' declared at 'C:/Users/cojoc/OneDrive/Desktop/SSC - Structura sistemelor de calcul/ALU_project/ALU_project.srcs/sources_1/new/full_adder.vhd:34' bound to instance 'fa02' of component 'full_adder' [C:/Users/cojoc/OneDrive/Desktop/SSC - Structura sistemelor de calcul/ALU_project/ALU_project.srcs/sources_1/new/wallace.vhd:142]
INFO: [Synth 8-3491] module 'half_adder' declared at 'C:/Users/cojoc/OneDrive/Desktop/SSC - Structura sistemelor de calcul/ALU_project/ALU_project.srcs/sources_1/new/half_adder.vhd:34' bound to instance 'ha01' of component 'half_adder' [C:/Users/cojoc/OneDrive/Desktop/SSC - Structura sistemelor de calcul/ALU_project/ALU_project.srcs/sources_1/new/wallace.vhd:143]
INFO: [Synth 8-3491] module 'full_adder' declared at 'C:/Users/cojoc/OneDrive/Desktop/SSC - Structura sistemelor de calcul/ALU_project/ALU_project.srcs/sources_1/new/full_adder.vhd:34' bound to instance 'fa03' of component 'full_adder' [C:/Users/cojoc/OneDrive/Desktop/SSC - Structura sistemelor de calcul/ALU_project/ALU_project.srcs/sources_1/new/wallace.vhd:144]
INFO: [Synth 8-3491] module 'full_adder' declared at 'C:/Users/cojoc/OneDrive/Desktop/SSC - Structura sistemelor de calcul/ALU_project/ALU_project.srcs/sources_1/new/full_adder.vhd:34' bound to instance 'fa04' of component 'full_adder' [C:/Users/cojoc/OneDrive/Desktop/SSC - Structura sistemelor de calcul/ALU_project/ALU_project.srcs/sources_1/new/wallace.vhd:145]
INFO: [Synth 8-3491] module 'full_adder' declared at 'C:/Users/cojoc/OneDrive/Desktop/SSC - Structura sistemelor de calcul/ALU_project/ALU_project.srcs/sources_1/new/full_adder.vhd:34' bound to instance 'fa05' of component 'full_adder' [C:/Users/cojoc/OneDrive/Desktop/SSC - Structura sistemelor de calcul/ALU_project/ALU_project.srcs/sources_1/new/wallace.vhd:146]
INFO: [Synth 8-3491] module 'full_adder' declared at 'C:/Users/cojoc/OneDrive/Desktop/SSC - Structura sistemelor de calcul/ALU_project/ALU_project.srcs/sources_1/new/full_adder.vhd:34' bound to instance 'fa06' of component 'full_adder' [C:/Users/cojoc/OneDrive/Desktop/SSC - Structura sistemelor de calcul/ALU_project/ALU_project.srcs/sources_1/new/wallace.vhd:147]
INFO: [Synth 8-3491] module 'full_adder' declared at 'C:/Users/cojoc/OneDrive/Desktop/SSC - Structura sistemelor de calcul/ALU_project/ALU_project.srcs/sources_1/new/full_adder.vhd:34' bound to instance 'fa07' of component 'full_adder' [C:/Users/cojoc/OneDrive/Desktop/SSC - Structura sistemelor de calcul/ALU_project/ALU_project.srcs/sources_1/new/wallace.vhd:148]
INFO: [Synth 8-3491] module 'full_adder' declared at 'C:/Users/cojoc/OneDrive/Desktop/SSC - Structura sistemelor de calcul/ALU_project/ALU_project.srcs/sources_1/new/full_adder.vhd:34' bound to instance 'fa08' of component 'full_adder' [C:/Users/cojoc/OneDrive/Desktop/SSC - Structura sistemelor de calcul/ALU_project/ALU_project.srcs/sources_1/new/wallace.vhd:149]
INFO: [Synth 8-3491] module 'half_adder' declared at 'C:/Users/cojoc/OneDrive/Desktop/SSC - Structura sistemelor de calcul/ALU_project/ALU_project.srcs/sources_1/new/half_adder.vhd:34' bound to instance 'ha02' of component 'half_adder' [C:/Users/cojoc/OneDrive/Desktop/SSC - Structura sistemelor de calcul/ALU_project/ALU_project.srcs/sources_1/new/wallace.vhd:150]
INFO: [Synth 8-3491] module 'full_adder' declared at 'C:/Users/cojoc/OneDrive/Desktop/SSC - Structura sistemelor de calcul/ALU_project/ALU_project.srcs/sources_1/new/full_adder.vhd:34' bound to instance 'fa09' of component 'full_adder' [C:/Users/cojoc/OneDrive/Desktop/SSC - Structura sistemelor de calcul/ALU_project/ALU_project.srcs/sources_1/new/wallace.vhd:151]
INFO: [Synth 8-3491] module 'full_adder' declared at 'C:/Users/cojoc/OneDrive/Desktop/SSC - Structura sistemelor de calcul/ALU_project/ALU_project.srcs/sources_1/new/full_adder.vhd:34' bound to instance 'fa90' of component 'full_adder' [C:/Users/cojoc/OneDrive/Desktop/SSC - Structura sistemelor de calcul/ALU_project/ALU_project.srcs/sources_1/new/wallace.vhd:152]
INFO: [Synth 8-3491] module 'full_adder' declared at 'C:/Users/cojoc/OneDrive/Desktop/SSC - Structura sistemelor de calcul/ALU_project/ALU_project.srcs/sources_1/new/full_adder.vhd:34' bound to instance 'fa31' of component 'full_adder' [C:/Users/cojoc/OneDrive/Desktop/SSC - Structura sistemelor de calcul/ALU_project/ALU_project.srcs/sources_1/new/wallace.vhd:153]
INFO: [Synth 8-3491] module 'full_adder' declared at 'C:/Users/cojoc/OneDrive/Desktop/SSC - Structura sistemelor de calcul/ALU_project/ALU_project.srcs/sources_1/new/full_adder.vhd:34' bound to instance 'fa32' of component 'full_adder' [C:/Users/cojoc/OneDrive/Desktop/SSC - Structura sistemelor de calcul/ALU_project/ALU_project.srcs/sources_1/new/wallace.vhd:154]
INFO: [Synth 8-3491] module 'full_adder' declared at 'C:/Users/cojoc/OneDrive/Desktop/SSC - Structura sistemelor de calcul/ALU_project/ALU_project.srcs/sources_1/new/full_adder.vhd:34' bound to instance 'fa33' of component 'full_adder' [C:/Users/cojoc/OneDrive/Desktop/SSC - Structura sistemelor de calcul/ALU_project/ALU_project.srcs/sources_1/new/wallace.vhd:155]
INFO: [Synth 8-3491] module 'half_adder' declared at 'C:/Users/cojoc/OneDrive/Desktop/SSC - Structura sistemelor de calcul/ALU_project/ALU_project.srcs/sources_1/new/half_adder.vhd:34' bound to instance 'ha03' of component 'half_adder' [C:/Users/cojoc/OneDrive/Desktop/SSC - Structura sistemelor de calcul/ALU_project/ALU_project.srcs/sources_1/new/wallace.vhd:156]
INFO: [Synth 8-3491] module 'full_adder' declared at 'C:/Users/cojoc/OneDrive/Desktop/SSC - Structura sistemelor de calcul/ALU_project/ALU_project.srcs/sources_1/new/full_adder.vhd:34' bound to instance 'fa34' of component 'full_adder' [C:/Users/cojoc/OneDrive/Desktop/SSC - Structura sistemelor de calcul/ALU_project/ALU_project.srcs/sources_1/new/wallace.vhd:157]
INFO: [Synth 8-3491] module 'full_adder' declared at 'C:/Users/cojoc/OneDrive/Desktop/SSC - Structura sistemelor de calcul/ALU_project/ALU_project.srcs/sources_1/new/full_adder.vhd:34' bound to instance 'fa35' of component 'full_adder' [C:/Users/cojoc/OneDrive/Desktop/SSC - Structura sistemelor de calcul/ALU_project/ALU_project.srcs/sources_1/new/wallace.vhd:158]
INFO: [Synth 8-3491] module 'half_adder' declared at 'C:/Users/cojoc/OneDrive/Desktop/SSC - Structura sistemelor de calcul/ALU_project/ALU_project.srcs/sources_1/new/half_adder.vhd:34' bound to instance 'ha04' of component 'half_adder' [C:/Users/cojoc/OneDrive/Desktop/SSC - Structura sistemelor de calcul/ALU_project/ALU_project.srcs/sources_1/new/wallace.vhd:159]
INFO: [Synth 8-3491] module 'half_adder' declared at 'C:/Users/cojoc/OneDrive/Desktop/SSC - Structura sistemelor de calcul/ALU_project/ALU_project.srcs/sources_1/new/half_adder.vhd:34' bound to instance 'ha10' of component 'half_adder' [C:/Users/cojoc/OneDrive/Desktop/SSC - Structura sistemelor de calcul/ALU_project/ALU_project.srcs/sources_1/new/wallace.vhd:162]
INFO: [Synth 8-3491] module 'full_adder' declared at 'C:/Users/cojoc/OneDrive/Desktop/SSC - Structura sistemelor de calcul/ALU_project/ALU_project.srcs/sources_1/new/full_adder.vhd:34' bound to instance 'fa10' of component 'full_adder' [C:/Users/cojoc/OneDrive/Desktop/SSC - Structura sistemelor de calcul/ALU_project/ALU_project.srcs/sources_1/new/wallace.vhd:163]
INFO: [Synth 8-3491] module 'full_adder' declared at 'C:/Users/cojoc/OneDrive/Desktop/SSC - Structura sistemelor de calcul/ALU_project/ALU_project.srcs/sources_1/new/full_adder.vhd:34' bound to instance 'fa11' of component 'full_adder' [C:/Users/cojoc/OneDrive/Desktop/SSC - Structura sistemelor de calcul/ALU_project/ALU_project.srcs/sources_1/new/wallace.vhd:164]
INFO: [Synth 8-3491] module 'full_adder' declared at 'C:/Users/cojoc/OneDrive/Desktop/SSC - Structura sistemelor de calcul/ALU_project/ALU_project.srcs/sources_1/new/full_adder.vhd:34' bound to instance 'fa12' of component 'full_adder' [C:/Users/cojoc/OneDrive/Desktop/SSC - Structura sistemelor de calcul/ALU_project/ALU_project.srcs/sources_1/new/wallace.vhd:165]
INFO: [Synth 8-3491] module 'full_adder' declared at 'C:/Users/cojoc/OneDrive/Desktop/SSC - Structura sistemelor de calcul/ALU_project/ALU_project.srcs/sources_1/new/full_adder.vhd:34' bound to instance 'fa13' of component 'full_adder' [C:/Users/cojoc/OneDrive/Desktop/SSC - Structura sistemelor de calcul/ALU_project/ALU_project.srcs/sources_1/new/wallace.vhd:166]
INFO: [Synth 8-3491] module 'half_adder' declared at 'C:/Users/cojoc/OneDrive/Desktop/SSC - Structura sistemelor de calcul/ALU_project/ALU_project.srcs/sources_1/new/half_adder.vhd:34' bound to instance 'ha11' of component 'half_adder' [C:/Users/cojoc/OneDrive/Desktop/SSC - Structura sistemelor de calcul/ALU_project/ALU_project.srcs/sources_1/new/wallace.vhd:167]
INFO: [Synth 8-3491] module 'full_adder' declared at 'C:/Users/cojoc/OneDrive/Desktop/SSC - Structura sistemelor de calcul/ALU_project/ALU_project.srcs/sources_1/new/full_adder.vhd:34' bound to instance 'fa14' of component 'full_adder' [C:/Users/cojoc/OneDrive/Desktop/SSC - Structura sistemelor de calcul/ALU_project/ALU_project.srcs/sources_1/new/wallace.vhd:168]
INFO: [Synth 8-3491] module 'half_adder' declared at 'C:/Users/cojoc/OneDrive/Desktop/SSC - Structura sistemelor de calcul/ALU_project/ALU_project.srcs/sources_1/new/half_adder.vhd:34' bound to instance 'ha12' of component 'half_adder' [C:/Users/cojoc/OneDrive/Desktop/SSC - Structura sistemelor de calcul/ALU_project/ALU_project.srcs/sources_1/new/wallace.vhd:169]
INFO: [Synth 8-3491] module 'full_adder' declared at 'C:/Users/cojoc/OneDrive/Desktop/SSC - Structura sistemelor de calcul/ALU_project/ALU_project.srcs/sources_1/new/full_adder.vhd:34' bound to instance 'fa15' of component 'full_adder' [C:/Users/cojoc/OneDrive/Desktop/SSC - Structura sistemelor de calcul/ALU_project/ALU_project.srcs/sources_1/new/wallace.vhd:170]
INFO: [Synth 8-3491] module 'full_adder' declared at 'C:/Users/cojoc/OneDrive/Desktop/SSC - Structura sistemelor de calcul/ALU_project/ALU_project.srcs/sources_1/new/full_adder.vhd:34' bound to instance 'fa16' of component 'full_adder' [C:/Users/cojoc/OneDrive/Desktop/SSC - Structura sistemelor de calcul/ALU_project/ALU_project.srcs/sources_1/new/wallace.vhd:171]
INFO: [Synth 8-3491] module 'full_adder' declared at 'C:/Users/cojoc/OneDrive/Desktop/SSC - Structura sistemelor de calcul/ALU_project/ALU_project.srcs/sources_1/new/full_adder.vhd:34' bound to instance 'fa17' of component 'full_adder' [C:/Users/cojoc/OneDrive/Desktop/SSC - Structura sistemelor de calcul/ALU_project/ALU_project.srcs/sources_1/new/wallace.vhd:172]
INFO: [Synth 8-3491] module 'full_adder' declared at 'C:/Users/cojoc/OneDrive/Desktop/SSC - Structura sistemelor de calcul/ALU_project/ALU_project.srcs/sources_1/new/full_adder.vhd:34' bound to instance 'fa18' of component 'full_adder' [C:/Users/cojoc/OneDrive/Desktop/SSC - Structura sistemelor de calcul/ALU_project/ALU_project.srcs/sources_1/new/wallace.vhd:173]
INFO: [Synth 8-3491] module 'full_adder' declared at 'C:/Users/cojoc/OneDrive/Desktop/SSC - Structura sistemelor de calcul/ALU_project/ALU_project.srcs/sources_1/new/full_adder.vhd:34' bound to instance 'fa19' of component 'full_adder' [C:/Users/cojoc/OneDrive/Desktop/SSC - Structura sistemelor de calcul/ALU_project/ALU_project.srcs/sources_1/new/wallace.vhd:174]
INFO: [Synth 8-3491] module 'half_adder' declared at 'C:/Users/cojoc/OneDrive/Desktop/SSC - Structura sistemelor de calcul/ALU_project/ALU_project.srcs/sources_1/new/half_adder.vhd:34' bound to instance 'ha13' of component 'half_adder' [C:/Users/cojoc/OneDrive/Desktop/SSC - Structura sistemelor de calcul/ALU_project/ALU_project.srcs/sources_1/new/wallace.vhd:175]
INFO: [Synth 8-3491] module 'half_adder' declared at 'C:/Users/cojoc/OneDrive/Desktop/SSC - Structura sistemelor de calcul/ALU_project/ALU_project.srcs/sources_1/new/half_adder.vhd:34' bound to instance 'ha14' of component 'half_adder' [C:/Users/cojoc/OneDrive/Desktop/SSC - Structura sistemelor de calcul/ALU_project/ALU_project.srcs/sources_1/new/wallace.vhd:176]
INFO: [Synth 8-3491] module 'half_adder' declared at 'C:/Users/cojoc/OneDrive/Desktop/SSC - Structura sistemelor de calcul/ALU_project/ALU_project.srcs/sources_1/new/half_adder.vhd:34' bound to instance 'ha40' of component 'half_adder' [C:/Users/cojoc/OneDrive/Desktop/SSC - Structura sistemelor de calcul/ALU_project/ALU_project.srcs/sources_1/new/wallace.vhd:179]
INFO: [Synth 8-3491] module 'half_adder' declared at 'C:/Users/cojoc/OneDrive/Desktop/SSC - Structura sistemelor de calcul/ALU_project/ALU_project.srcs/sources_1/new/half_adder.vhd:34' bound to instance 'ha41' of component 'half_adder' [C:/Users/cojoc/OneDrive/Desktop/SSC - Structura sistemelor de calcul/ALU_project/ALU_project.srcs/sources_1/new/wallace.vhd:180]
INFO: [Synth 8-3491] module 'full_adder' declared at 'C:/Users/cojoc/OneDrive/Desktop/SSC - Structura sistemelor de calcul/ALU_project/ALU_project.srcs/sources_1/new/full_adder.vhd:34' bound to instance 'fa40' of component 'full_adder' [C:/Users/cojoc/OneDrive/Desktop/SSC - Structura sistemelor de calcul/ALU_project/ALU_project.srcs/sources_1/new/wallace.vhd:181]
INFO: [Synth 8-3491] module 'full_adder' declared at 'C:/Users/cojoc/OneDrive/Desktop/SSC - Structura sistemelor de calcul/ALU_project/ALU_project.srcs/sources_1/new/full_adder.vhd:34' bound to instance 'fa41' of component 'full_adder' [C:/Users/cojoc/OneDrive/Desktop/SSC - Structura sistemelor de calcul/ALU_project/ALU_project.srcs/sources_1/new/wallace.vhd:182]
INFO: [Synth 8-3491] module 'full_adder' declared at 'C:/Users/cojoc/OneDrive/Desktop/SSC - Structura sistemelor de calcul/ALU_project/ALU_project.srcs/sources_1/new/full_adder.vhd:34' bound to instance 'fa42' of component 'full_adder' [C:/Users/cojoc/OneDrive/Desktop/SSC - Structura sistemelor de calcul/ALU_project/ALU_project.srcs/sources_1/new/wallace.vhd:183]
INFO: [Synth 8-3491] module 'full_adder' declared at 'C:/Users/cojoc/OneDrive/Desktop/SSC - Structura sistemelor de calcul/ALU_project/ALU_project.srcs/sources_1/new/full_adder.vhd:34' bound to instance 'fa43' of component 'full_adder' [C:/Users/cojoc/OneDrive/Desktop/SSC - Structura sistemelor de calcul/ALU_project/ALU_project.srcs/sources_1/new/wallace.vhd:184]
INFO: [Synth 8-3491] module 'full_adder' declared at 'C:/Users/cojoc/OneDrive/Desktop/SSC - Structura sistemelor de calcul/ALU_project/ALU_project.srcs/sources_1/new/full_adder.vhd:34' bound to instance 'fa44' of component 'full_adder' [C:/Users/cojoc/OneDrive/Desktop/SSC - Structura sistemelor de calcul/ALU_project/ALU_project.srcs/sources_1/new/wallace.vhd:185]
INFO: [Synth 8-3491] module 'full_adder' declared at 'C:/Users/cojoc/OneDrive/Desktop/SSC - Structura sistemelor de calcul/ALU_project/ALU_project.srcs/sources_1/new/full_adder.vhd:34' bound to instance 'fa45' of component 'full_adder' [C:/Users/cojoc/OneDrive/Desktop/SSC - Structura sistemelor de calcul/ALU_project/ALU_project.srcs/sources_1/new/wallace.vhd:186]
INFO: [Synth 8-3491] module 'full_adder' declared at 'C:/Users/cojoc/OneDrive/Desktop/SSC - Structura sistemelor de calcul/ALU_project/ALU_project.srcs/sources_1/new/full_adder.vhd:34' bound to instance 'fa46' of component 'full_adder' [C:/Users/cojoc/OneDrive/Desktop/SSC - Structura sistemelor de calcul/ALU_project/ALU_project.srcs/sources_1/new/wallace.vhd:187]
INFO: [Synth 8-3491] module 'half_adder' declared at 'C:/Users/cojoc/OneDrive/Desktop/SSC - Structura sistemelor de calcul/ALU_project/ALU_project.srcs/sources_1/new/half_adder.vhd:34' bound to instance 'ha42' of component 'half_adder' [C:/Users/cojoc/OneDrive/Desktop/SSC - Structura sistemelor de calcul/ALU_project/ALU_project.srcs/sources_1/new/wallace.vhd:188]
INFO: [Synth 8-3491] module 'half_adder' declared at 'C:/Users/cojoc/OneDrive/Desktop/SSC - Structura sistemelor de calcul/ALU_project/ALU_project.srcs/sources_1/new/half_adder.vhd:34' bound to instance 'ha43' of component 'half_adder' [C:/Users/cojoc/OneDrive/Desktop/SSC - Structura sistemelor de calcul/ALU_project/ALU_project.srcs/sources_1/new/wallace.vhd:189]
INFO: [Synth 8-3491] module 'full_adder' declared at 'C:/Users/cojoc/OneDrive/Desktop/SSC - Structura sistemelor de calcul/ALU_project/ALU_project.srcs/sources_1/new/full_adder.vhd:34' bound to instance 'fa47' of component 'full_adder' [C:/Users/cojoc/OneDrive/Desktop/SSC - Structura sistemelor de calcul/ALU_project/ALU_project.srcs/sources_1/new/wallace.vhd:190]
INFO: [Synth 8-3491] module 'half_adder' declared at 'C:/Users/cojoc/OneDrive/Desktop/SSC - Structura sistemelor de calcul/ALU_project/ALU_project.srcs/sources_1/new/half_adder.vhd:34' bound to instance 'ha50' of component 'half_adder' [C:/Users/cojoc/OneDrive/Desktop/SSC - Structura sistemelor de calcul/ALU_project/ALU_project.srcs/sources_1/new/wallace.vhd:193]
INFO: [Synth 8-3491] module 'full_adder' declared at 'C:/Users/cojoc/OneDrive/Desktop/SSC - Structura sistemelor de calcul/ALU_project/ALU_project.srcs/sources_1/new/full_adder.vhd:34' bound to instance 'fa50' of component 'full_adder' [C:/Users/cojoc/OneDrive/Desktop/SSC - Structura sistemelor de calcul/ALU_project/ALU_project.srcs/sources_1/new/wallace.vhd:194]
INFO: [Synth 8-3491] module 'full_adder' declared at 'C:/Users/cojoc/OneDrive/Desktop/SSC - Structura sistemelor de calcul/ALU_project/ALU_project.srcs/sources_1/new/full_adder.vhd:34' bound to instance 'fa51' of component 'full_adder' [C:/Users/cojoc/OneDrive/Desktop/SSC - Structura sistemelor de calcul/ALU_project/ALU_project.srcs/sources_1/new/wallace.vhd:195]
INFO: [Synth 8-3491] module 'full_adder' declared at 'C:/Users/cojoc/OneDrive/Desktop/SSC - Structura sistemelor de calcul/ALU_project/ALU_project.srcs/sources_1/new/full_adder.vhd:34' bound to instance 'fa52' of component 'full_adder' [C:/Users/cojoc/OneDrive/Desktop/SSC - Structura sistemelor de calcul/ALU_project/ALU_project.srcs/sources_1/new/wallace.vhd:196]
INFO: [Synth 8-3491] module 'full_adder' declared at 'C:/Users/cojoc/OneDrive/Desktop/SSC - Structura sistemelor de calcul/ALU_project/ALU_project.srcs/sources_1/new/full_adder.vhd:34' bound to instance 'fa53' of component 'full_adder' [C:/Users/cojoc/OneDrive/Desktop/SSC - Structura sistemelor de calcul/ALU_project/ALU_project.srcs/sources_1/new/wallace.vhd:197]
INFO: [Synth 8-3491] module 'full_adder' declared at 'C:/Users/cojoc/OneDrive/Desktop/SSC - Structura sistemelor de calcul/ALU_project/ALU_project.srcs/sources_1/new/full_adder.vhd:34' bound to instance 'fa54' of component 'full_adder' [C:/Users/cojoc/OneDrive/Desktop/SSC - Structura sistemelor de calcul/ALU_project/ALU_project.srcs/sources_1/new/wallace.vhd:198]
INFO: [Synth 8-3491] module 'full_adder' declared at 'C:/Users/cojoc/OneDrive/Desktop/SSC - Structura sistemelor de calcul/ALU_project/ALU_project.srcs/sources_1/new/full_adder.vhd:34' bound to instance 'fa55' of component 'full_adder' [C:/Users/cojoc/OneDrive/Desktop/SSC - Structura sistemelor de calcul/ALU_project/ALU_project.srcs/sources_1/new/wallace.vhd:199]
INFO: [Synth 8-3491] module 'full_adder' declared at 'C:/Users/cojoc/OneDrive/Desktop/SSC - Structura sistemelor de calcul/ALU_project/ALU_project.srcs/sources_1/new/full_adder.vhd:34' bound to instance 'fa56' of component 'full_adder' [C:/Users/cojoc/OneDrive/Desktop/SSC - Structura sistemelor de calcul/ALU_project/ALU_project.srcs/sources_1/new/wallace.vhd:200]
INFO: [Synth 8-3491] module 'full_adder' declared at 'C:/Users/cojoc/OneDrive/Desktop/SSC - Structura sistemelor de calcul/ALU_project/ALU_project.srcs/sources_1/new/full_adder.vhd:34' bound to instance 'fa57' of component 'full_adder' [C:/Users/cojoc/OneDrive/Desktop/SSC - Structura sistemelor de calcul/ALU_project/ALU_project.srcs/sources_1/new/wallace.vhd:201]
INFO: [Synth 8-3491] module 'full_adder' declared at 'C:/Users/cojoc/OneDrive/Desktop/SSC - Structura sistemelor de calcul/ALU_project/ALU_project.srcs/sources_1/new/full_adder.vhd:34' bound to instance 'fa58' of component 'full_adder' [C:/Users/cojoc/OneDrive/Desktop/SSC - Structura sistemelor de calcul/ALU_project/ALU_project.srcs/sources_1/new/wallace.vhd:202]
INFO: [Synth 8-3491] module 'full_adder' declared at 'C:/Users/cojoc/OneDrive/Desktop/SSC - Structura sistemelor de calcul/ALU_project/ALU_project.srcs/sources_1/new/full_adder.vhd:34' bound to instance 'fa59' of component 'full_adder' [C:/Users/cojoc/OneDrive/Desktop/SSC - Structura sistemelor de calcul/ALU_project/ALU_project.srcs/sources_1/new/wallace.vhd:203]
INFO: [Synth 8-3491] module 'half_adder' declared at 'C:/Users/cojoc/OneDrive/Desktop/SSC - Structura sistemelor de calcul/ALU_project/ALU_project.srcs/sources_1/new/half_adder.vhd:34' bound to instance 'ha70' of component 'half_adder' [C:/Users/cojoc/OneDrive/Desktop/SSC - Structura sistemelor de calcul/ALU_project/ALU_project.srcs/sources_1/new/wallace.vhd:206]
INFO: [Synth 8-3491] module 'full_adder' declared at 'C:/Users/cojoc/OneDrive/Desktop/SSC - Structura sistemelor de calcul/ALU_project/ALU_project.srcs/sources_1/new/full_adder.vhd:34' bound to instance 'fa70' of component 'full_adder' [C:/Users/cojoc/OneDrive/Desktop/SSC - Structura sistemelor de calcul/ALU_project/ALU_project.srcs/sources_1/new/wallace.vhd:207]
INFO: [Synth 8-3491] module 'full_adder' declared at 'C:/Users/cojoc/OneDrive/Desktop/SSC - Structura sistemelor de calcul/ALU_project/ALU_project.srcs/sources_1/new/full_adder.vhd:34' bound to instance 'fa71' of component 'full_adder' [C:/Users/cojoc/OneDrive/Desktop/SSC - Structura sistemelor de calcul/ALU_project/ALU_project.srcs/sources_1/new/wallace.vhd:208]
INFO: [Synth 8-3491] module 'half_adder' declared at 'C:/Users/cojoc/OneDrive/Desktop/SSC - Structura sistemelor de calcul/ALU_project/ALU_project.srcs/sources_1/new/half_adder.vhd:34' bound to instance 'ha71' of component 'half_adder' [C:/Users/cojoc/OneDrive/Desktop/SSC - Structura sistemelor de calcul/ALU_project/ALU_project.srcs/sources_1/new/wallace.vhd:209]
INFO: [Synth 8-3491] module 'half_adder' declared at 'C:/Users/cojoc/OneDrive/Desktop/SSC - Structura sistemelor de calcul/ALU_project/ALU_project.srcs/sources_1/new/half_adder.vhd:34' bound to instance 'ha72' of component 'half_adder' [C:/Users/cojoc/OneDrive/Desktop/SSC - Structura sistemelor de calcul/ALU_project/ALU_project.srcs/sources_1/new/wallace.vhd:210]
INFO: [Synth 8-3491] module 'half_adder' declared at 'C:/Users/cojoc/OneDrive/Desktop/SSC - Structura sistemelor de calcul/ALU_project/ALU_project.srcs/sources_1/new/half_adder.vhd:34' bound to instance 'ha73' of component 'half_adder' [C:/Users/cojoc/OneDrive/Desktop/SSC - Structura sistemelor de calcul/ALU_project/ALU_project.srcs/sources_1/new/wallace.vhd:211]
INFO: [Synth 8-3491] module 'half_adder' declared at 'C:/Users/cojoc/OneDrive/Desktop/SSC - Structura sistemelor de calcul/ALU_project/ALU_project.srcs/sources_1/new/half_adder.vhd:34' bound to instance 'ha74' of component 'half_adder' [C:/Users/cojoc/OneDrive/Desktop/SSC - Structura sistemelor de calcul/ALU_project/ALU_project.srcs/sources_1/new/wallace.vhd:212]
INFO: [Synth 8-3491] module 'half_adder' declared at 'C:/Users/cojoc/OneDrive/Desktop/SSC - Structura sistemelor de calcul/ALU_project/ALU_project.srcs/sources_1/new/half_adder.vhd:34' bound to instance 'ha75' of component 'half_adder' [C:/Users/cojoc/OneDrive/Desktop/SSC - Structura sistemelor de calcul/ALU_project/ALU_project.srcs/sources_1/new/wallace.vhd:213]
INFO: [Synth 8-3491] module 'full_adder' declared at 'C:/Users/cojoc/OneDrive/Desktop/SSC - Structura sistemelor de calcul/ALU_project/ALU_project.srcs/sources_1/new/full_adder.vhd:34' bound to instance 'fa81' of component 'full_adder' [C:/Users/cojoc/OneDrive/Desktop/SSC - Structura sistemelor de calcul/ALU_project/ALU_project.srcs/sources_1/new/wallace.vhd:214]
INFO: [Synth 8-256] done synthesizing module 'wallace' (0#1) [C:/Users/cojoc/OneDrive/Desktop/SSC - Structura sistemelor de calcul/ALU_project/ALU_project.srcs/sources_1/new/wallace.vhd:40]
WARNING: [Synth 8-614] signal 'alu_add' is read in the process but is not in the sensitivity list [C:/Users/cojoc/OneDrive/Desktop/SSC - Structura sistemelor de calcul/ALU_project/ALU_project.srcs/sources_1/new/ALU.vhd:100]
WARNING: [Synth 8-614] signal 'alu_sub' is read in the process but is not in the sensitivity list [C:/Users/cojoc/OneDrive/Desktop/SSC - Structura sistemelor de calcul/ALU_project/ALU_project.srcs/sources_1/new/ALU.vhd:100]
WARNING: [Synth 8-614] signal 'alu_mul' is read in the process but is not in the sensitivity list [C:/Users/cojoc/OneDrive/Desktop/SSC - Structura sistemelor de calcul/ALU_project/ALU_project.srcs/sources_1/new/ALU.vhd:100]
WARNING: [Synth 8-614] signal 'alu_div' is read in the process but is not in the sensitivity list [C:/Users/cojoc/OneDrive/Desktop/SSC - Structura sistemelor de calcul/ALU_project/ALU_project.srcs/sources_1/new/ALU.vhd:100]
WARNING: [Synth 8-614] signal 'a' is read in the process but is not in the sensitivity list [C:/Users/cojoc/OneDrive/Desktop/SSC - Structura sistemelor de calcul/ALU_project/ALU_project.srcs/sources_1/new/ALU.vhd:100]
WARNING: [Synth 8-614] signal 'b' is read in the process but is not in the sensitivity list [C:/Users/cojoc/OneDrive/Desktop/SSC - Structura sistemelor de calcul/ALU_project/ALU_project.srcs/sources_1/new/ALU.vhd:100]
WARNING: [Synth 8-614] signal 'c' is read in the process but is not in the sensitivity list [C:/Users/cojoc/OneDrive/Desktop/SSC - Structura sistemelor de calcul/ALU_project/ALU_project.srcs/sources_1/new/ALU.vhd:100]
INFO: [Synth 8-256] done synthesizing module 'ALU' (0#1) [C:/Users/cojoc/OneDrive/Desktop/SSC - Structura sistemelor de calcul/ALU_project/ALU_project.srcs/sources_1/new/ALU.vhd:44]
INFO: [Synth 8-3491] module 'SSD' declared at 'C:/Users/cojoc/OneDrive/Desktop/SSC - Structura sistemelor de calcul/ALU_project/ALU_project.srcs/sources_1/new/SSD.vhd:5' bound to instance 'display' of component 'SSD' [C:/Users/cojoc/OneDrive/Desktop/SSC - Structura sistemelor de calcul/ALU_project/ALU_project.srcs/sources_1/new/tb.vhd:89]
INFO: [Synth 8-638] synthesizing module 'SSD' [C:/Users/cojoc/OneDrive/Desktop/SSC - Structura sistemelor de calcul/ALU_project/ALU_project.srcs/sources_1/new/SSD.vhd:12]
INFO: [Synth 8-226] default block is never used [C:/Users/cojoc/OneDrive/Desktop/SSC - Structura sistemelor de calcul/ALU_project/ALU_project.srcs/sources_1/new/SSD.vhd:31]
INFO: [Synth 8-226] default block is never used [C:/Users/cojoc/OneDrive/Desktop/SSC - Structura sistemelor de calcul/ALU_project/ALU_project.srcs/sources_1/new/SSD.vhd:42]
INFO: [Synth 8-226] default block is never used [C:/Users/cojoc/OneDrive/Desktop/SSC - Structura sistemelor de calcul/ALU_project/ALU_project.srcs/sources_1/new/SSD.vhd:51]
INFO: [Synth 8-256] done synthesizing module 'SSD' (0#1) [C:/Users/cojoc/OneDrive/Desktop/SSC - Structura sistemelor de calcul/ALU_project/ALU_project.srcs/sources_1/new/SSD.vhd:12]
INFO: [Synth 8-256] done synthesizing module 'main' (0#1) [C:/Users/cojoc/OneDrive/Desktop/SSC - Structura sistemelor de calcul/ALU_project/ALU_project.srcs/sources_1/new/tb.vhd:49]
WARNING: [Synth 8-3848] Net alu_div in module/entity ALU does not have driver. [C:/Users/cojoc/OneDrive/Desktop/SSC - Structura sistemelor de calcul/ALU_project/ALU_project.srcs/sources_1/new/ALU.vhd:49]
WARNING: [Synth 8-7129] Port clk in module ALU is either unconnected or has no load
WARNING: [Synth 8-7129] Port a[7] in module main is either unconnected or has no load
WARNING: [Synth 8-7129] Port a[6] in module main is either unconnected or has no load
WARNING: [Synth 8-7129] Port a[5] in module main is either unconnected or has no load
WARNING: [Synth 8-7129] Port a[4] in module main is either unconnected or has no load
WARNING: [Synth 8-7129] Port a[3] in module main is either unconnected or has no load
WARNING: [Synth 8-7129] Port a[2] in module main is either unconnected or has no load
WARNING: [Synth 8-7129] Port a[1] in module main is either unconnected or has no load
WARNING: [Synth 8-7129] Port a[0] in module main is either unconnected or has no load
WARNING: [Synth 8-7129] Port b[7] in module main is either unconnected or has no load
WARNING: [Synth 8-7129] Port b[6] in module main is either unconnected or has no load
WARNING: [Synth 8-7129] Port b[5] in module main is either unconnected or has no load
WARNING: [Synth 8-7129] Port b[4] in module main is either unconnected or has no load
WARNING: [Synth 8-7129] Port b[3] in module main is either unconnected or has no load
WARNING: [Synth 8-7129] Port b[2] in module main is either unconnected or has no load
WARNING: [Synth 8-7129] Port b[1] in module main is either unconnected or has no load
WARNING: [Synth 8-7129] Port b[0] in module main is either unconnected or has no load
WARNING: [Synth 8-7129] Port c[15] in module main is either unconnected or has no load
WARNING: [Synth 8-7129] Port c[14] in module main is either unconnected or has no load
WARNING: [Synth 8-7129] Port c[13] in module main is either unconnected or has no load
WARNING: [Synth 8-7129] Port c[12] in module main is either unconnected or has no load
WARNING: [Synth 8-7129] Port c[11] in module main is either unconnected or has no load
WARNING: [Synth 8-7129] Port c[10] in module main is either unconnected or has no load
WARNING: [Synth 8-7129] Port c[9] in module main is either unconnected or has no load
WARNING: [Synth 8-7129] Port c[8] in module main is either unconnected or has no load
WARNING: [Synth 8-7129] Port c[7] in module main is either unconnected or has no load
WARNING: [Synth 8-7129] Port c[6] in module main is either unconnected or has no load
WARNING: [Synth 8-7129] Port c[5] in module main is either unconnected or has no load
WARNING: [Synth 8-7129] Port c[4] in module main is either unconnected or has no load
WARNING: [Synth 8-7129] Port c[3] in module main is either unconnected or has no load
WARNING: [Synth 8-7129] Port c[2] in module main is either unconnected or has no load
WARNING: [Synth 8-7129] Port c[1] in module main is either unconnected or has no load
WARNING: [Synth 8-7129] Port c[0] in module main is either unconnected or has no load
---------------------------------------------------------------------------------
Finished RTL Elaboration : Time (s): cpu = 00:00:08 ; elapsed = 00:00:10 . Memory (MB): peak = 1360.195 ; gain = 506.535
---------------------------------------------------------------------------------
---------------------------------------------------------------------------------
Start Handling Custom Attributes
---------------------------------------------------------------------------------
---------------------------------------------------------------------------------
Finished Handling Custom Attributes : Time (s): cpu = 00:00:09 ; elapsed = 00:00:11 . Memory (MB): peak = 1360.195 ; gain = 506.535
---------------------------------------------------------------------------------
---------------------------------------------------------------------------------
Finished RTL Optimization Phase 1 : Time (s): cpu = 00:00:09 ; elapsed = 00:00:11 . Memory (MB): peak = 1360.195 ; gain = 506.535
---------------------------------------------------------------------------------
Netlist sorting complete. Time (s): cpu = 00:00:00 ; elapsed = 00:00:00.007 . Memory (MB): peak = 1360.195 ; gain = 0.000
INFO: [Project 1-570] Preparing netlist for logic optimization

Processing XDC Constraints
Initializing timing engine
Parsing XDC File [C:/Users/cojoc/Downloads/Basys3_Master.xdc]
Finished Parsing XDC File [C:/Users/cojoc/Downloads/Basys3_Master.xdc]
INFO: [Project 1-236] Implementation specific constraints were found while reading constraint file [C:/Users/cojoc/Downloads/Basys3_Master.xdc]. These constraints will be ignored for synthesis but will be used in implementation. Impacted constraints are listed in the file [.Xil/main_propImpl.xdc].
Resolution: To avoid this warning, move constraints listed in [.Xil/main_propImpl.xdc] to another XDC file and exclude this new file from synthesis with the used_in_synthesis property (File Properties dialog in GUI) and re-run elaboration/synthesis.
Completed Processing XDC Constraints

Netlist sorting complete. Time (s): cpu = 00:00:00 ; elapsed = 00:00:00 . Memory (MB): peak = 1416.758 ; gain = 0.000
INFO: [Project 1-111] Unisim Transformation Summary:
No Unisim elements were transformed.

Constraint Validation Runtime : Time (s): cpu = 00:00:00 ; elapsed = 00:00:00.004 . Memory (MB): peak = 1416.758 ; gain = 0.000
INFO: [Designutils 20-5440] No compile time benefit to using incremental synthesis; A full resynthesis will be run
INFO: [Designutils 20-4379] Flow is switching to default flow due to incremental criteria not met. If you would like to alter this behaviour and have the flow terminate instead, please set the following parameter config_implementation {autoIncr.Synth.RejectBehavior Terminate}
---------------------------------------------------------------------------------
Finished Constraint Validation : Time (s): cpu = 00:00:17 ; elapsed = 00:00:21 . Memory (MB): peak = 1416.758 ; gain = 563.098
---------------------------------------------------------------------------------
---------------------------------------------------------------------------------
Start Loading Part and Timing Information
---------------------------------------------------------------------------------
Loading part: xc7a35tcpg236-1
---------------------------------------------------------------------------------
Finished Loading Part and Timing Information : Time (s): cpu = 00:00:17 ; elapsed = 00:00:21 . Memory (MB): peak = 1416.758 ; gain = 563.098
---------------------------------------------------------------------------------
---------------------------------------------------------------------------------
Start Applying 'set_property' XDC Constraints
---------------------------------------------------------------------------------
---------------------------------------------------------------------------------
Finished applying 'set_property' XDC Constraints : Time (s): cpu = 00:00:17 ; elapsed = 00:00:21 . Memory (MB): peak = 1416.758 ; gain = 563.098
---------------------------------------------------------------------------------
---------------------------------------------------------------------------------
Finished RTL Optimization Phase 2 : Time (s): cpu = 00:00:18 ; elapsed = 00:00:21 . Memory (MB): peak = 1416.758 ; gain = 563.098
---------------------------------------------------------------------------------
---------------------------------------------------------------------------------
Start RTL Component Statistics 
---------------------------------------------------------------------------------
Detailed RTL Component Info : 
+---XORs : 
	   2 Input      8 Bit         XORs := 2     
	   3 Input      1 Bit         XORs := 71    
	   2 Input      1 Bit         XORs := 21    
+---Registers : 
	                1 Bit    Registers := 3     
+---Muxes : 
	   4 Input    4 Bit        Muxes := 2     
---------------------------------------------------------------------------------
Finished RTL Component Statistics 
---------------------------------------------------------------------------------
---------------------------------------------------------------------------------
Start Part Resource Summary
---------------------------------------------------------------------------------
Part Resources:
DSPs: 90 (col length:60)
BRAMs: 100 (col length: RAMB18 60 RAMB36 30)
---------------------------------------------------------------------------------
Finished Part Resource Summary
---------------------------------------------------------------------------------
---------------------------------------------------------------------------------
Start Cross Boundary and Area Optimization
---------------------------------------------------------------------------------
WARNING: [Synth 8-7080] Parallel synthesis criteria is not met
WARNING: [Synth 8-7129] Port a[7] in module main is either unconnected or has no load
WARNING: [Synth 8-7129] Port a[6] in module main is either unconnected or has no load
WARNING: [Synth 8-7129] Port a[5] in module main is either unconnected or has no load
WARNING: [Synth 8-7129] Port a[4] in module main is either unconnected or has no load
WARNING: [Synth 8-7129] Port a[3] in module main is either unconnected or has no load
WARNING: [Synth 8-7129] Port a[2] in module main is either unconnected or has no load
WARNING: [Synth 8-7129] Port a[1] in module main is either unconnected or has no load
WARNING: [Synth 8-7129] Port a[0] in module main is either unconnected or has no load
WARNING: [Synth 8-7129] Port b[7] in module main is either unconnected or has no load
WARNING: [Synth 8-7129] Port b[6] in module main is either unconnected or has no load
WARNING: [Synth 8-7129] Port b[5] in module main is either unconnected or has no load
WARNING: [Synth 8-7129] Port b[4] in module main is either unconnected or has no load
WARNING: [Synth 8-7129] Port b[3] in module main is either unconnected or has no load
WARNING: [Synth 8-7129] Port b[2] in module main is either unconnected or has no load
WARNING: [Synth 8-7129] Port b[1] in module main is either unconnected or has no load
WARNING: [Synth 8-7129] Port b[0] in module main is either unconnected or has no load
WARNING: [Synth 8-7129] Port c[15] in module main is either unconnected or has no load
WARNING: [Synth 8-7129] Port c[14] in module main is either unconnected or has no load
WARNING: [Synth 8-7129] Port c[13] in module main is either unconnected or has no load
WARNING: [Synth 8-7129] Port c[12] in module main is either unconnected or has no load
WARNING: [Synth 8-7129] Port c[11] in module main is either unconnected or has no load
WARNING: [Synth 8-7129] Port c[10] in module main is either unconnected or has no load
WARNING: [Synth 8-7129] Port c[9] in module main is either unconnected or has no load
WARNING: [Synth 8-7129] Port c[8] in module main is either unconnected or has no load
WARNING: [Synth 8-7129] Port c[7] in module main is either unconnected or has no load
WARNING: [Synth 8-7129] Port c[6] in module main is either unconnected or has no load
WARNING: [Synth 8-7129] Port c[5] in module main is either unconnected or has no load
WARNING: [Synth 8-7129] Port c[4] in module main is either unconnected or has no load
WARNING: [Synth 8-7129] Port c[3] in module main is either unconnected or has no load
WARNING: [Synth 8-7129] Port c[2] in module main is either unconnected or has no load
WARNING: [Synth 8-7129] Port c[1] in module main is either unconnected or has no load
WARNING: [Synth 8-7129] Port c[0] in module main is either unconnected or has no load
---------------------------------------------------------------------------------
Finished Cross Boundary and Area Optimization : Time (s): cpu = 00:00:20 ; elapsed = 00:00:23 . Memory (MB): peak = 1416.758 ; gain = 563.098
---------------------------------------------------------------------------------
---------------------------------------------------------------------------------
Start Applying XDC Timing Constraints
---------------------------------------------------------------------------------
---------------------------------------------------------------------------------
Finished Applying XDC Timing Constraints : Time (s): cpu = 00:00:26 ; elapsed = 00:00:30 . Memory (MB): peak = 1416.758 ; gain = 563.098
---------------------------------------------------------------------------------
---------------------------------------------------------------------------------
Start Timing Optimization
---------------------------------------------------------------------------------
---------------------------------------------------------------------------------
Finished Timing Optimization : Time (s): cpu = 00:00:26 ; elapsed = 00:00:30 . Memory (MB): peak = 1416.758 ; gain = 563.098
---------------------------------------------------------------------------------
---------------------------------------------------------------------------------
Start Technology Mapping
---------------------------------------------------------------------------------
---------------------------------------------------------------------------------
Finished Technology Mapping : Time (s): cpu = 00:00:26 ; elapsed = 00:00:30 . Memory (MB): peak = 1416.758 ; gain = 563.098
---------------------------------------------------------------------------------
---------------------------------------------------------------------------------
Start IO Insertion
---------------------------------------------------------------------------------
---------------------------------------------------------------------------------
Start Flattening Before IO Insertion
---------------------------------------------------------------------------------
---------------------------------------------------------------------------------
Finished Flattening Before IO Insertion
---------------------------------------------------------------------------------
---------------------------------------------------------------------------------
Start Final Netlist Cleanup
---------------------------------------------------------------------------------
---------------------------------------------------------------------------------
Finished Final Netlist Cleanup
---------------------------------------------------------------------------------
---------------------------------------------------------------------------------
Finished IO Insertion : Time (s): cpu = 00:00:32 ; elapsed = 00:00:36 . Memory (MB): peak = 1416.758 ; gain = 563.098
---------------------------------------------------------------------------------
---------------------------------------------------------------------------------
Start Renaming Generated Instances
---------------------------------------------------------------------------------
---------------------------------------------------------------------------------
Finished Renaming Generated Instances : Time (s): cpu = 00:00:32 ; elapsed = 00:00:36 . Memory (MB): peak = 1416.758 ; gain = 563.098
---------------------------------------------------------------------------------
---------------------------------------------------------------------------------
Start Rebuilding User Hierarchy
---------------------------------------------------------------------------------
---------------------------------------------------------------------------------
Finished Rebuilding User Hierarchy : Time (s): cpu = 00:00:32 ; elapsed = 00:00:36 . Memory (MB): peak = 1416.758 ; gain = 563.098
---------------------------------------------------------------------------------
---------------------------------------------------------------------------------
Start Renaming Generated Ports
---------------------------------------------------------------------------------
---------------------------------------------------------------------------------
Finished Renaming Generated Ports : Time (s): cpu = 00:00:32 ; elapsed = 00:00:36 . Memory (MB): peak = 1416.758 ; gain = 563.098
---------------------------------------------------------------------------------
---------------------------------------------------------------------------------
Start Handling Custom Attributes
---------------------------------------------------------------------------------
---------------------------------------------------------------------------------
Finished Handling Custom Attributes : Time (s): cpu = 00:00:32 ; elapsed = 00:00:36 . Memory (MB): peak = 1416.758 ; gain = 563.098
---------------------------------------------------------------------------------
---------------------------------------------------------------------------------
Start Renaming Generated Nets
---------------------------------------------------------------------------------
---------------------------------------------------------------------------------
Finished Renaming Generated Nets : Time (s): cpu = 00:00:32 ; elapsed = 00:00:36 . Memory (MB): peak = 1416.758 ; gain = 563.098
---------------------------------------------------------------------------------
---------------------------------------------------------------------------------
Start Writing Synthesis Report
---------------------------------------------------------------------------------

Report BlackBoxes: 
+-+--------------+----------+
| |BlackBox name |Instances |
+-+--------------+----------+
+-+--------------+----------+

Report Cell Usage: 
+------+-------+------+
|      |Cell   |Count |
+------+-------+------+
|1     |BUFG   |     1|
|2     |CARRY4 |     4|
|3     |LUT1   |     1|
|4     |LUT2   |     4|
|5     |LUT5   |     1|
|6     |LUT6   |     6|
|7     |FDRE   |    16|
|8     |IBUF   |     5|
|9     |OBUF   |    11|
+------+-------+------+
---------------------------------------------------------------------------------
Finished Writing Synthesis Report : Time (s): cpu = 00:00:32 ; elapsed = 00:00:36 . Memory (MB): peak = 1416.758 ; gain = 563.098
---------------------------------------------------------------------------------
Synthesis finished with 0 errors, 0 critical warnings and 33 warnings.
Synthesis Optimization Runtime : Time (s): cpu = 00:00:22 ; elapsed = 00:00:34 . Memory (MB): peak = 1416.758 ; gain = 506.535
Synthesis Optimization Complete : Time (s): cpu = 00:00:32 ; elapsed = 00:00:36 . Memory (MB): peak = 1416.758 ; gain = 563.098
INFO: [Project 1-571] Translating synthesized netlist
Netlist sorting complete. Time (s): cpu = 00:00:00 ; elapsed = 00:00:00.001 . Memory (MB): peak = 1416.758 ; gain = 0.000
INFO: [Netlist 29-17] Analyzing 4 Unisim elements for replacement
INFO: [Netlist 29-28] Unisim Transformation completed in 0 CPU seconds
INFO: [Project 1-570] Preparing netlist for logic optimization
INFO: [Opt 31-138] Pushed 0 inverter(s) to 0 load pin(s).
Netlist sorting complete. Time (s): cpu = 00:00:00 ; elapsed = 00:00:00 . Memory (MB): peak = 1416.758 ; gain = 0.000
INFO: [Project 1-111] Unisim Transformation Summary:
No Unisim elements were transformed.

Synth Design complete | Checksum: 18b5f1f6
INFO: [Common 17-83] Releasing license: Synthesis
128 Infos, 74 Warnings, 0 Critical Warnings and 0 Errors encountered.
synth_design completed successfully
synth_design: Time (s): cpu = 00:00:37 ; elapsed = 00:00:51 . Memory (MB): peak = 1416.758 ; gain = 944.191
INFO: [Common 17-1381] The checkpoint 'C:/Users/cojoc/OneDrive/Desktop/SSC - Structura sistemelor de calcul/ALU_project/ALU_project.runs/synth_1/main.dcp' has been generated.
INFO: [runtcl-4] Executing : report_utilization -file main_utilization_synth.rpt -pb main_utilization_synth.pb
INFO: [Common 17-206] Exiting Vivado at Mon Jan  8 18:09:16 2024...
